2026-06-29 20:20:17,545 - MMSA [INFO] - train samples: (1284,)
2026-06-29 20:20:17,545 - MMSA [INFO] - train samples: (1284,)
2026-06-29 20:20:17,682 - MMSA [INFO] - valid samples: (229,)
2026-06-29 20:20:17,682 - MMSA [INFO] - valid samples: (229,)
2026-06-29 20:20:17,824 - MMSA [INFO] - test samples: (686,)
2026-06-29 20:20:17,824 - MMSA [INFO] - test samples: (686,)
2026-06-29 20:21:27,136 - MMSA [INFO] - train samples: (1284,)
2026-06-29 20:21:27,256 - MMSA [INFO] - valid samples: (229,)
2026-06-29 20:21:27,367 - MMSA [INFO] - test samples: (686,)
2026-06-29 20:21:52,583 - MMSA [INFO] - >> Epoch: 1 TRAIN -(DAGF) [1/1/1] >> total_loss: 9.7403  acc_7: 0.1963  acc_5: 0.1963  acc_2: 0.5435  F1_score: 0.5084  Corr: 0.0747  MAE: 1.3130 
2026-06-29 20:21:55,860 - MMSA [INFO] - VAL-(DAGF) >>  acc_7: 0.2227  acc_5: 0.2227  acc_2: 0.5787  F1_score: 0.4370  Corr: 0.3852  MAE: 1.3469  Loss: 1.3555 
2026-06-29 20:22:00,467 - MMSA [INFO] - TEST-(DAGF) >>  acc_7: 0.1924  acc_5: 0.1924  acc_2: 0.4482  F1_score: 0.3162  Corr: 0.4227  MAE: 1.4256  Loss: 1.4263 
2026-06-29 20:22:20,701 - MMSA [INFO] - >> Epoch: 2 TRAIN -(DAGF) [1/2/1] >> total_loss: 7.9122  acc_7: 0.2188  acc_5: 0.2188  acc_2: 0.6223  F1_score: 0.5752  Corr: 0.4238  MAE: 1.1881 
2026-06-29 20:22:24,001 - MMSA [INFO] - VAL-(DAGF) >>  acc_7: 0.2838  acc_5: 0.2838  acc_2: 0.8194  F1_score: 0.8204  Corr: 0.6920  MAE: 1.0833  Loss: 1.0807 
2026-06-29 20:22:28,680 - MMSA [INFO] - TEST-(DAGF) >>  acc_7: 0.2668  acc_5: 0.2668  acc_2: 0.8277  F1_score: 0.8235  Corr: 0.7027  MAE: 1.0625  Loss: 1.0623 
2026-06-29 20:22:51,132 - MMSA [INFO] - >> Epoch: 3 TRAIN -(DAGF) [1/3/1] >> total_loss: 6.3521  acc_7: 0.2921  acc_5: 0.2936  acc_2: 0.8343  F1_score: 0.8345  Corr: 0.7181  MAE: 0.9345 
2026-06-29 20:22:55,173 - MMSA [INFO] - VAL-(DAGF) >>  acc_7: 0.3057  acc_5: 0.3624  acc_2: 0.8519  F1_score: 0.8514  Corr: 0.7310  MAE: 0.9201  Loss: 0.9233 
2026-06-29 20:22:59,993 - MMSA [INFO] - TEST-(DAGF) >>  acc_7: 0.3338  acc_5: 0.3542  acc_2: 0.8232  F1_score: 0.8241  Corr: 0.7175  MAE: 0.9903  Loss: 0.9903 
2026-06-29 20:23:23,159 - MMSA [INFO] - >> Epoch: 4 TRAIN -(DAGF) [1/4/1] >> total_loss: 5.5038  acc_7: 0.3660  acc_5: 0.3754  acc_2: 0.8806  F1_score: 0.8805  Corr: 0.8065  MAE: 0.7601 
2026-06-29 20:23:26,507 - MMSA [INFO] - VAL-(DAGF) >>  acc_7: 0.3319  acc_5: 0.4105  acc_2: 0.8657  F1_score: 0.8656  Corr: 0.7316  MAE: 0.8631  Loss: 0.8588 
2026-06-29 20:23:31,367 - MMSA [INFO] - TEST-(DAGF) >>  acc_7: 0.3557  acc_5: 0.3834  acc_2: 0.8430  F1_score: 0.8431  Corr: 0.7505  MAE: 0.8333  Loss: 0.8339 
2026-06-29 20:23:54,340 - MMSA [INFO] - >> Epoch: 5 TRAIN -(DAGF) [1/5/1] >> total_loss: 4.7375  acc_7: 0.4354  acc_5: 0.4533  acc_2: 0.9334  F1_score: 0.9335  Corr: 0.8591  MAE: 0.6225 
2026-06-29 20:23:57,728 - MMSA [INFO] - VAL-(DAGF) >>  acc_7: 0.3581  acc_5: 0.4410  acc_2: 0.8472  F1_score: 0.8469  Corr: 0.7440  MAE: 0.8377  Loss: 0.8361 
2026-06-29 20:24:02,686 - MMSA [INFO] - TEST-(DAGF) >>  acc_7: 0.4227  acc_5: 0.4767  acc_2: 0.8460  F1_score: 0.8461  Corr: 0.7629  MAE: 0.8040  Loss: 0.8037 
2026-06-29 20:24:24,229 - MMSA [INFO] - >> Epoch: 6 TRAIN -(DAGF) [1/6/1] >> total_loss: 4.1415  acc_7: 0.5280  acc_5: 0.5592  acc_2: 0.9342  F1_score: 0.9342  Corr: 0.8954  MAE: 0.5272 
2026-06-29 20:24:27,554 - MMSA [INFO] - VAL-(DAGF) >>  acc_7: 0.3843  acc_5: 0.4934  acc_2: 0.8472  F1_score: 0.8473  Corr: 0.7483  MAE: 0.8395  Loss: 0.8431 
2026-06-29 20:24:32,272 - MMSA [INFO] - TEST-(DAGF) >>  acc_7: 0.4402  acc_5: 0.5248  acc_2: 0.8430  F1_score: 0.8428  Corr: 0.7546  MAE: 0.7990  Loss: 0.7991 
2026-06-29 20:24:52,606 - MMSA [INFO] - >> Epoch: 7 TRAIN -(DAGF) [2/7/1] >> total_loss: 3.6849  acc_7: 0.5607  acc_5: 0.6036  acc_2: 0.9374  F1_score: 0.9375  Corr: 0.9127  MAE: 0.4821 
2026-06-29 20:24:55,799 - MMSA [INFO] - VAL-(DAGF) >>  acc_7: 0.3755  acc_5: 0.4847  acc_2: 0.8287  F1_score: 0.8295  Corr: 0.7560  MAE: 0.8418  Loss: 0.8251 
2026-06-29 20:25:00,512 - MMSA [INFO] - TEST-(DAGF) >>  acc_7: 0.4227  acc_5: 0.5058  acc_2: 0.8430  F1_score: 0.8406  Corr: 0.7658  MAE: 0.7859  Loss: 0.7858 
2026-06-29 20:25:21,353 - MMSA [INFO] - >> Epoch: 8 TRAIN -(DAGF) [1/8/1] >> total_loss: 3.3535  acc_7: 0.6129  acc_5: 0.6604  acc_2: 0.9423  F1_score: 0.9424  Corr: 0.9337  MAE: 0.4147 
2026-06-29 20:25:24,557 - MMSA [INFO] - VAL-(DAGF) >>  acc_7: 0.3930  acc_5: 0.5066  acc_2: 0.8472  F1_score: 0.8471  Corr: 0.7782  MAE: 0.8039  Loss: 0.7927 
2026-06-29 20:25:29,515 - MMSA [INFO] - TEST-(DAGF) >>  acc_7: 0.4431  acc_5: 0.5277  acc_2: 0.8430  F1_score: 0.8428  Corr: 0.7715  MAE: 0.7735  Loss: 0.7739 
2026-06-29 20:25:51,866 - MMSA [INFO] - >> Epoch: 9 TRAIN -(DAGF) [1/9/1] >> total_loss: 3.1427  acc_7: 0.6114  acc_5: 0.6604  acc_2: 0.9439  F1_score: 0.9440  Corr: 0.9373  MAE: 0.4105 
2026-06-29 20:25:55,181 - MMSA [INFO] - VAL-(DAGF) >>  acc_7: 0.3974  acc_5: 0.5153  acc_2: 0.8565  F1_score: 0.8559  Corr: 0.7788  MAE: 0.8032  Loss: 0.7939 
2026-06-29 20:25:59,954 - MMSA [INFO] - TEST-(DAGF) >>  acc_7: 0.4271  acc_5: 0.5117  acc_2: 0.8476  F1_score: 0.8480  Corr: 0.7796  MAE: 0.7752  Loss: 0.7758 
2026-06-29 20:26:20,653 - MMSA [INFO] - >> Epoch: 10 TRAIN -(DAGF) [2/10/1] >> total_loss: 2.9773  acc_7: 0.6472  acc_5: 0.6986  acc_2: 0.9513  F1_score: 0.9512  Corr: 0.9447  MAE: 0.3841 
2026-06-29 20:26:23,905 - MMSA [INFO] - VAL-(DAGF) >>  acc_7: 0.4236  acc_5: 0.5328  acc_2: 0.8519  F1_score: 0.8511  Corr: 0.7880  MAE: 0.7731  Loss: 0.7678 
2026-06-29 20:26:28,599 - MMSA [INFO] - TEST-(DAGF) >>  acc_7: 0.4504  acc_5: 0.5321  acc_2: 0.8369  F1_score: 0.8375  Corr: 0.7807  MAE: 0.7795  Loss: 0.7789 
2026-06-29 20:26:51,660 - MMSA [INFO] - >> Epoch: 11 TRAIN -(DAGF) [1/11/1] >> total_loss: 2.8152  acc_7: 0.6861  acc_5: 0.7360  acc_2: 0.9553  F1_score: 0.9553  Corr: 0.9553  MAE: 0.3458 
2026-06-29 20:26:54,802 - MMSA [INFO] - VAL-(DAGF) >>  acc_7: 0.4017  acc_5: 0.5109  acc_2: 0.8472  F1_score: 0.8466  Corr: 0.7898  MAE: 0.7576  Loss: 0.7386 
2026-06-29 20:26:59,825 - MMSA [INFO] - TEST-(DAGF) >>  acc_7: 0.4534  acc_5: 0.5350  acc_2: 0.8476  F1_score: 0.8475  Corr: 0.7817  MAE: 0.7439  Loss: 0.7434 
2026-06-29 20:27:20,839 - MMSA [INFO] - >> Epoch: 12 TRAIN -(DAGF) [1/12/1] >> total_loss: 2.6685  acc_7: 0.6830  acc_5: 0.7344  acc_2: 0.9569  F1_score: 0.9570  Corr: 0.9582  MAE: 0.3372 
2026-06-29 20:27:24,093 - MMSA [INFO] - VAL-(DAGF) >>  acc_7: 0.4279  acc_5: 0.5415  acc_2: 0.8472  F1_score: 0.8463  Corr: 0.7854  MAE: 0.7820  Loss: 0.8137 
2026-06-29 20:27:28,561 - MMSA [INFO] - TEST-(DAGF) >>  acc_7: 0.4388  acc_5: 0.5219  acc_2: 0.8399  F1_score: 0.8404  Corr: 0.7816  MAE: 0.7693  Loss: 0.7694 
2026-06-29 20:27:49,361 - MMSA [INFO] - >> Epoch: 13 TRAIN -(DAGF) [2/13/1] >> total_loss: 2.474  acc_7: 0.7025  acc_5: 0.7555  acc_2: 0.9740  F1_score: 0.9740  Corr: 0.9633  MAE: 0.3153 
2026-06-29 20:27:52,556 - MMSA [INFO] - VAL-(DAGF) >>  acc_7: 0.3886  acc_5: 0.5022  acc_2: 0.8519  F1_score: 0.8524  Corr: 0.7853  MAE: 0.7977  Loss: 0.7827 
2026-06-29 20:27:57,397 - MMSA [INFO] - TEST-(DAGF) >>  acc_7: 0.4446  acc_5: 0.5292  acc_2: 0.8521  F1_score: 0.8500  Corr: 0.7775  MAE: 0.7543  Loss: 0.7540 
2026-06-29 20:28:17,284 - MMSA [INFO] - >> Epoch: 14 TRAIN -(DAGF) [3/14/1] >> total_loss: 2.3158  acc_7: 0.7259  acc_5: 0.7780  acc_2: 0.9683  F1_score: 0.9683  Corr: 0.9663  MAE: 0.3024 
2026-06-29 20:28:20,477 - MMSA [INFO] - VAL-(DAGF) >>  acc_7: 0.3930  acc_5: 0.5066  acc_2: 0.8565  F1_score: 0.8566  Corr: 0.7838  MAE: 0.7826  Loss: 0.8191 
2026-06-29 20:28:24,969 - MMSA [INFO] - TEST-(DAGF) >>  acc_7: 0.4373  acc_5: 0.5190  acc_2: 0.8460  F1_score: 0.8446  Corr: 0.7786  MAE: 0.7555  Loss: 0.7550 
2026-06-29 20:28:44,789 - MMSA [INFO] - >> Epoch: 15 TRAIN -(DAGF) [4/15/1] >> total_loss: 2.2088  acc_7: 0.7274  acc_5: 0.7812  acc_2: 0.9764  F1_score: 0.9765  Corr: 0.9708  MAE: 0.2850 
2026-06-29 20:28:47,901 - MMSA [INFO] - VAL-(DAGF) >>  acc_7: 0.4192  acc_5: 0.5371  acc_2: 0.8565  F1_score: 0.8561  Corr: 0.7822  MAE: 0.7838  Loss: 0.8035 
2026-06-29 20:28:52,510 - MMSA [INFO] - TEST-(DAGF) >>  acc_7: 0.4417  acc_5: 0.5233  acc_2: 0.8476  F1_score: 0.8476  Corr: 0.7790  MAE: 0.7718  Loss: 0.7726 
2026-06-29 20:29:12,812 - MMSA [INFO] - >> Epoch: 16 TRAIN -(DAGF) [5/16/1] >> total_loss: 2.1363  acc_7: 0.7336  acc_5: 0.7874  acc_2: 0.9699  F1_score: 0.9700  Corr: 0.9735  MAE: 0.2676 
2026-06-29 20:29:15,899 - MMSA [INFO] - VAL-(DAGF) >>  acc_7: 0.3974  acc_5: 0.5109  acc_2: 0.8519  F1_score: 0.8519  Corr: 0.7870  MAE: 0.7793  Loss: 0.8053 
2026-06-29 20:29:20,392 - MMSA [INFO] - TEST-(DAGF) >>  acc_7: 0.4519  acc_5: 0.5350  acc_2: 0.8445  F1_score: 0.8431  Corr: 0.7763  MAE: 0.7539  Loss: 0.7543 
2026-06-29 20:29:40,314 - MMSA [INFO] - >> Epoch: 17 TRAIN -(DAGF) [6/17/1] >> total_loss: 2.0438  acc_7: 0.7547  acc_5: 0.8092  acc_2: 0.9732  F1_score: 0.9732  Corr: 0.9762  MAE: 0.2541 
2026-06-29 20:29:43,450 - MMSA [INFO] - VAL-(DAGF) >>  acc_7: 0.3974  acc_5: 0.5153  acc_2: 0.8519  F1_score: 0.8516  Corr: 0.7900  MAE: 0.7673  Loss: 0.7987 
2026-06-29 20:29:48,124 - MMSA [INFO] - TEST-(DAGF) >>  acc_7: 0.4431  acc_5: 0.5262  acc_2: 0.8460  F1_score: 0.8445  Corr: 0.7803  MAE: 0.7419  Loss: 0.7410 
2026-06-29 20:30:10,528 - MMSA [INFO] - >> Epoch: 18 TRAIN -(DAGF) [7/18/1] >> total_loss: 1.9692  acc_7: 0.7593  acc_5: 0.8139  acc_2: 0.9748  F1_score: 0.9748  Corr: 0.9785  MAE: 0.2420 
2026-06-29 20:30:13,716 - MMSA [INFO] - VAL-(DAGF) >>  acc_7: 0.4148  acc_5: 0.5328  acc_2: 0.8519  F1_score: 0.8511  Corr: 0.7999  MAE: 0.7204  Loss: 0.7030 
2026-06-29 20:30:18,834 - MMSA [INFO] - TEST-(DAGF) >>  acc_7: 0.4708  acc_5: 0.5539  acc_2: 0.8491  F1_score: 0.8490  Corr: 0.7847  MAE: 0.7234  Loss: 0.7227 
2026-06-29 20:30:40,238 - MMSA [INFO] - >> Epoch: 19 TRAIN -(DAGF) [1/19/1] >> total_loss: 1.8821  acc_7: 0.7928  acc_5: 0.8474  acc_2: 0.9773  F1_score: 0.9773  Corr: 0.9814  MAE: 0.2214 
2026-06-29 20:30:43,834 - MMSA [INFO] - VAL-(DAGF) >>  acc_7: 0.4061  acc_5: 0.5197  acc_2: 0.8519  F1_score: 0.8514  Corr: 0.8005  MAE: 0.7224  Loss: 0.7298 
2026-06-29 20:30:48,868 - MMSA [INFO] - TEST-(DAGF) >>  acc_7: 0.4636  acc_5: 0.5394  acc_2: 0.8430  F1_score: 0.8425  Corr: 0.7833  MAE: 0.7270  Loss: 0.7262 
2026-06-29 20:31:10,456 - MMSA [INFO] - >> Epoch: 20 TRAIN -(DAGF) [2/20/1] >> total_loss: 1.7844  acc_7: 0.7835  acc_5: 0.8380  acc_2: 0.9862  F1_score: 0.9862  Corr: 0.9836  MAE: 0.2143 
2026-06-29 20:31:14,233 - MMSA [INFO] - VAL-(DAGF) >>  acc_7: 0.4192  acc_5: 0.5371  acc_2: 0.8472  F1_score: 0.8469  Corr: 0.7971  MAE: 0.7416  Loss: 0.7481 
2026-06-29 20:31:19,234 - MMSA [INFO] - TEST-(DAGF) >>  acc_7: 0.4592  acc_5: 0.5423  acc_2: 0.8460  F1_score: 0.8455  Corr: 0.7794  MAE: 0.7396  Loss: 0.7394 
2026-06-29 20:31:39,343 - MMSA [INFO] - >> Epoch: 21 TRAIN -(DAGF) [3/21/1] >> total_loss: 1.7308  acc_7: 0.7850  acc_5: 0.8396  acc_2: 0.9903  F1_score: 0.9903  Corr: 0.9843  MAE: 0.2021 
2026-06-29 20:31:42,489 - MMSA [INFO] - VAL-(DAGF) >>  acc_7: 0.4236  acc_5: 0.5371  acc_2: 0.8565  F1_score: 0.8559  Corr: 0.7937  MAE: 0.7427  Loss: 0.7571 
2026-06-29 20:31:47,190 - MMSA [INFO] - TEST-(DAGF) >>  acc_7: 0.4577  acc_5: 0.5408  acc_2: 0.8445  F1_score: 0.8444  Corr: 0.7789  MAE: 0.7485  Loss: 0.7494 
2026-06-29 20:32:07,536 - MMSA [INFO] - >> Epoch: 22 TRAIN -(DAGF) [4/22/1] >> total_loss: 1.6761  acc_7: 0.8131  acc_5: 0.8676  acc_2: 0.9846  F1_score: 0.9846  Corr: 0.9852  MAE: 0.1975 
2026-06-29 20:32:10,681 - MMSA [INFO] - VAL-(DAGF) >>  acc_7: 0.4279  acc_5: 0.5415  acc_2: 0.8611  F1_score: 0.8607  Corr: 0.7962  MAE: 0.7344  Loss: 0.7299 
2026-06-29 20:32:15,211 - MMSA [INFO] - TEST-(DAGF) >>  acc_7: 0.4665  acc_5: 0.5496  acc_2: 0.8415  F1_score: 0.8413  Corr: 0.7840  MAE: 0.7329  Loss: 0.7318 
2026-06-29 20:32:35,414 - MMSA [INFO] - >> Epoch: 23 TRAIN -(DAGF) [5/23/1] >> total_loss: 1.6237  acc_7: 0.8069  acc_5: 0.8614  acc_2: 0.9756  F1_score: 0.9756  Corr: 0.9854  MAE: 0.2013 
2026-06-29 20:32:38,630 - MMSA [INFO] - VAL-(DAGF) >>  acc_7: 0.4367  acc_5: 0.5502  acc_2: 0.8565  F1_score: 0.8559  Corr: 0.7969  MAE: 0.7381  Loss: 0.7407 
2026-06-29 20:32:43,212 - MMSA [INFO] - TEST-(DAGF) >>  acc_7: 0.4490  acc_5: 0.5321  acc_2: 0.8460  F1_score: 0.8458  Corr: 0.7827  MAE: 0.7374  Loss: 0.7379 
2026-06-29 20:33:03,642 - MMSA [INFO] - >> Epoch: 24 TRAIN -(DAGF) [6/24/1] >> total_loss: 1.6343  acc_7: 0.7765  acc_5: 0.8310  acc_2: 0.9846  F1_score: 0.9846  Corr: 0.9850  MAE: 0.2040 
2026-06-29 20:33:07,214 - MMSA [INFO] - VAL-(DAGF) >>  acc_7: 0.4279  acc_5: 0.5459  acc_2: 0.8519  F1_score: 0.8514  Corr: 0.7989  MAE: 0.7339  Loss: 0.7252 
2026-06-29 20:33:12,554 - MMSA [INFO] - TEST-(DAGF) >>  acc_7: 0.4504  acc_5: 0.5335  acc_2: 0.8460  F1_score: 0.8455  Corr: 0.7808  MAE: 0.7367  Loss: 0.7364 
2026-06-29 20:33:33,938 - MMSA [INFO] - >> Epoch: 25 TRAIN -(DAGF) [7/25/1] >> total_loss: 1.6262  acc_7: 0.8006  acc_5: 0.8551  acc_2: 0.9854  F1_score: 0.9854  Corr: 0.9861  MAE: 0.1942 
2026-06-29 20:33:37,219 - MMSA [INFO] - VAL-(DAGF) >>  acc_7: 0.4148  acc_5: 0.5284  acc_2: 0.8611  F1_score: 0.8609  Corr: 0.7994  MAE: 0.7323  Loss: 0.7362 
2026-06-29 20:33:41,983 - MMSA [INFO] - TEST-(DAGF) >>  acc_7: 0.4461  acc_5: 0.5262  acc_2: 0.8476  F1_score: 0.8469  Corr: 0.7817  MAE: 0.7335  Loss: 0.7339 
2026-06-29 20:34:02,860 - MMSA [INFO] - >> Epoch: 26 TRAIN -(DAGF) [8/26/1] >> total_loss: 1.5736  acc_7: 0.8100  acc_5: 0.8645  acc_2: 0.9821  F1_score: 0.9821  Corr: 0.9868  MAE: 0.1896 
2026-06-29 20:34:06,155 - MMSA [INFO] - VAL-(DAGF) >>  acc_7: 0.4236  acc_5: 0.5371  acc_2: 0.8565  F1_score: 0.8561  Corr: 0.7991  MAE: 0.7301  Loss: 0.7211 
2026-06-29 20:34:10,796 - MMSA [INFO] - TEST-(DAGF) >>  acc_7: 0.4592  acc_5: 0.5408  acc_2: 0.8415  F1_score: 0.8410  Corr: 0.7820  MAE: 0.7330  Loss: 0.7328 
2026-06-29 20:34:30,658 - MMSA [INFO] - >> Epoch: 27 TRAIN -(DAGF) [9/27/1] >> total_loss: 1.5356  acc_7: 0.8310  acc_5: 0.8855  acc_2: 0.9870  F1_score: 0.9870  Corr: 0.9880  MAE: 0.1792 
2026-06-29 20:34:33,853 - MMSA [INFO] - VAL-(DAGF) >>  acc_7: 0.4410  acc_5: 0.5546  acc_2: 0.8565  F1_score: 0.8561  Corr: 0.7981  MAE: 0.7252  Loss: 0.7133 
2026-06-29 20:34:38,824 - MMSA [INFO] - TEST-(DAGF) >>  acc_7: 0.4504  acc_5: 0.5321  acc_2: 0.8415  F1_score: 0.8413  Corr: 0.7787  MAE: 0.7400  Loss: 0.7401 
2026-06-29 20:34:58,871 - MMSA [INFO] - >> Epoch: 28 TRAIN -(DAGF) [10/28/1] >> total_loss: 1.553  acc_7: 0.8084  acc_5: 0.8629  acc_2: 0.9846  F1_score: 0.9846  Corr: 0.9875  MAE: 0.1844 
2026-06-29 20:35:01,978 - MMSA [INFO] - VAL-(DAGF) >>  acc_7: 0.4323  acc_5: 0.5502  acc_2: 0.8565  F1_score: 0.8561  Corr: 0.7986  MAE: 0.7378  Loss: 0.7186 
2026-06-29 20:35:06,585 - MMSA [INFO] - TEST-(DAGF) >>  acc_7: 0.4417  acc_5: 0.5248  acc_2: 0.8445  F1_score: 0.8441  Corr: 0.7780  MAE: 0.7444  Loss: 0.7448 
2026-06-29 20:35:12,035 - MMSA [INFO] - TEST-(DAGF) >>  acc_7: 0.4708  acc_5: 0.5539  acc_2: 0.8491  F1_score: 0.8490  Corr: 0.7847  MAE: 0.7234  Loss: 0.7227 
2026-06-29 20:35:19,083 - MMSA [INFO] - Results saved to result\normal\mosi.csv.
